<?xml version="1.0" encoding="UTF-8"?>
<testng-results ignored="0" total="0" passed="0" failed="0" skipped="0">
  <reporter-output>
  </reporter-output>
  <suite started-at="2022-08-24T20:44:58 PKT" name="Default suite" finished-at="2022-08-24T20:44:58 PKT" duration-ms="27">
    <groups>
    </groups>
    <test started-at="2022-08-24T20:44:58 PKT" name="Default test" finished-at="2022-08-24T20:44:58 PKT" duration-ms="27">
    </test> <!-- Default test -->
  </suite> <!-- Default suite -->
</testng-results>
